<?xml version="1.0" encoding="UTF-8"?>
<!-- Generated by org.testng.reporters.JUnitReportReporter -->
<testsuite ignored="0" hostname="DESKTOP-SGKNLUN" failures="0" tests="1" name="test.java.SampleTest" time="406.719" errors="0" timestamp="26 Jul 2021 07:45:22 GMT" skipped="0">
  <testcase classname="test.java.SampleTest" name="sampleMethodForEmailEntering" time="406.719"/>
</testsuite> <!-- test.java.SampleTest -->
